This file contains any messages produced by compilers while
running configure, to aid debugging if configure makes a mistake.

It was created by HTSlib configure 1.18, which was
generated by GNU Autoconf 2.69.  Invocation command line was

  $ ./configure --prefix=/usr/local

## --------- ##
## Platform. ##
## --------- ##

hostname = 4683ea28ceec
uname -m = x86_64
uname -r = 5.4.0-216-generic
uname -s = Linux
uname -v = #236-Ubuntu SMP Fri Apr 11 19:53:21 UTC 2025

/usr/bin/uname -p = x86_64
/bin/uname -X     = unknown

/bin/arch              = x86_64
/usr/bin/arch -k       = unknown
/usr/convex/getsysinfo = unknown
/usr/bin/hostinfo      = unknown
/bin/machine           = unknown
/usr/bin/oslevel       = unknown
/bin/universe          = unknown

PATH: /opt/conda/condabin
PATH: /opt/conda/bin
PATH: /usr/local/sbin
PATH: /usr/local/bin
PATH: /usr/sbin
PATH: /usr/bin
PATH: /sbin
PATH: /bin


## ----------- ##
## Core tests. ##
## ----------- ##

configure:2279: checking for gcc
configure:2295: found /usr/bin/gcc
configure:2306: result: gcc
configure:2535: checking for C compiler version
configure:2544: gcc --version >&5
gcc (Ubuntu 9.4.0-1ubuntu1~20.04.2) 9.4.0
Copyright (C) 2019 Free Software Foundation, Inc.
This is free software; see the source for copying conditions.  There is NO
warranty; not even for MERCHANTABILITY or FITNESS FOR A PARTICULAR PURPOSE.

configure:2555: $? = 0
configure:2544: gcc -v >&5
Using built-in specs.
COLLECT_GCC=gcc
COLLECT_LTO_WRAPPER=/usr/lib/gcc/x86_64-linux-gnu/9/lto-wrapper
OFFLOAD_TARGET_NAMES=nvptx-none:hsa
OFFLOAD_TARGET_DEFAULT=1
Target: x86_64-linux-gnu
Configured with: ../src/configure -v --with-pkgversion='Ubuntu 9.4.0-1ubuntu1~20.04.2' --with-bugurl=file:///usr/share/doc/gcc-9/README.Bugs --enable-languages=c,ada,c++,go,brig,d,fortran,objc,obj-c++,gm2 --prefix=/usr --with-gcc-major-version-only --program-suffix=-9 --program-prefix=x86_64-linux-gnu- --enable-shared --enable-linker-build-id --libexecdir=/usr/lib --without-included-gettext --enable-threads=posix --libdir=/usr/lib --enable-nls --enable-clocale=gnu --enable-libstdcxx-debug --enable-libstdcxx-time=yes --with-default-libstdcxx-abi=new --enable-gnu-unique-object --disable-vtable-verify --enable-plugin --enable-default-pie --with-system-zlib --with-target-system-zlib=auto --enable-objc-gc=auto --enable-multiarch --disable-werror --with-arch-32=i686 --with-abi=m64 --with-multilib-list=m32,m64,mx32 --enable-multilib --with-tune=generic --enable-offload-targets=nvptx-none=/build/gcc-9-9QDOt0/gcc-9-9.4.0/debian/tmp-nvptx/usr,hsa --without-cuda-driver --enable-checking=release --build=x86_64-linux-gnu --host=x86_64-linux-gnu --target=x86_64-linux-gnu
Thread model: posix
gcc version 9.4.0 (Ubuntu 9.4.0-1ubuntu1~20.04.2) 
configure:2555: $? = 0
configure:2544: gcc -V >&5
gcc: error: unrecognized command line option '-V'
gcc: fatal error: no input files
compilation terminated.
configure:2555: $? = 1
configure:2544: gcc -qversion >&5
gcc: error: unrecognized command line option '-qversion'; did you mean '--version'?
gcc: fatal error: no input files
compilation terminated.
configure:2555: $? = 1
configure:2575: checking whether the C compiler works
configure:2597: gcc    conftest.c  >&5
configure:2601: $? = 0
configure:2649: result: yes
configure:2652: checking for C compiler default output file name
configure:2654: result: a.out
configure:2660: checking for suffix of executables
configure:2667: gcc -o conftest    conftest.c  >&5
configure:2671: $? = 0
configure:2693: result: 
configure:2715: checking whether we are cross compiling
configure:2723: gcc -o conftest    conftest.c  >&5
configure:2727: $? = 0
configure:2734: ./conftest
configure:2738: $? = 0
configure:2726: result: no
configure:2731: checking for suffix of object files
configure:2753: gcc -c   conftest.c >&5
configure:2757: $? = 0
configure:2778: result: o
configure:2782: checking whether we are using the GNU C compiler
configure:2801: gcc -c   conftest.c >&5
configure:2801: $? = 0
configure:2810: result: yes
configure:2819: checking whether gcc accepts -g
configure:2839: gcc -c -g  conftest.c >&5
configure:2839: $? = 0
configure:2880: result: yes
configure:2897: checking for gcc option to accept ISO C89
configure:2960: gcc  -c -g -O2  conftest.c >&5
configure:2960: $? = 0
configure:2973: result: none needed
configure:3036: checking for ranlib
configure:3052: found /usr/bin/ranlib
configure:3063: result: ranlib
configure:3086: checking for grep that handles long lines and -e
configure:3144: result: /usr/bin/grep
configure:3169: checking for C compiler warning flags
configure:3282: result: -Wall
configure:3383: checking how to run the C preprocessor
configure:3414: gcc -E  conftest.c
configure:3414: $? = 0
configure:3428: gcc -E  conftest.c
conftest.c:9:10: fatal error: ac_nonexistent.h: No such file or directory
    9 | #include <ac_nonexistent.h>
      |          ^~~~~~~~~~~~~~~~~~
compilation terminated.
configure:3428: $? = 1
configure: failed program was:
| /* confdefs.h */
| #define PACKAGE_NAME "HTSlib"
| #define PACKAGE_TARNAME "htslib"
| #define PACKAGE_VERSION "1.18"
| #define PACKAGE_STRING "HTSlib 1.18"
| #define PACKAGE_BUGREPORT "samtools-help@lists.sourceforge.net"
| #define PACKAGE_URL "http://www.htslib.org/"
| /* end confdefs.h.  */
| #include <ac_nonexistent.h>
configure:3453: result: gcc -E
configure:3473: gcc -E  conftest.c
configure:3473: $? = 0
configure:3487: gcc -E  conftest.c
conftest.c:9:10: fatal error: ac_nonexistent.h: No such file or directory
    9 | #include <ac_nonexistent.h>
      |          ^~~~~~~~~~~~~~~~~~
compilation terminated.
configure:3487: $? = 1
configure: failed program was:
| /* confdefs.h */
| #define PACKAGE_NAME "HTSlib"
| #define PACKAGE_TARNAME "htslib"
| #define PACKAGE_VERSION "1.18"
| #define PACKAGE_STRING "HTSlib 1.18"
| #define PACKAGE_BUGREPORT "samtools-help@lists.sourceforge.net"
| #define PACKAGE_URL "http://www.htslib.org/"
| /* end confdefs.h.  */
| #include <ac_nonexistent.h>
configure:3516: checking for egrep
configure:3578: result: /usr/bin/grep -E
configure:3583: checking for ANSI C header files
configure:3603: gcc -c  -Wall -g -O2  conftest.c >&5
configure:3603: $? = 0
configure:3676: gcc -o conftest  -Wall -g -O2   conftest.c  >&5
configure:3676: $? = 0
configure:3676: ./conftest
configure:3676: $? = 0
configure:3687: result: yes
configure:3700: checking for sys/types.h
configure:3700: gcc -c  -Wall -g -O2  conftest.c >&5
configure:3700: $? = 0
configure:3700: result: yes
configure:3700: checking for sys/stat.h
configure:3700: gcc -c  -Wall -g -O2  conftest.c >&5
configure:3700: $? = 0
configure:3700: result: yes
configure:3700: checking for stdlib.h
configure:3700: gcc -c  -Wall -g -O2  conftest.c >&5
configure:3700: $? = 0
configure:3700: result: yes
configure:3700: checking for string.h
configure:3700: gcc -c  -Wall -g -O2  conftest.c >&5
configure:3700: $? = 0
configure:3700: result: yes
configure:3700: checking for memory.h
configure:3700: gcc -c  -Wall -g -O2  conftest.c >&5
configure:3700: $? = 0
configure:3700: result: yes
configure:3700: checking for strings.h
configure:3700: gcc -c  -Wall -g -O2  conftest.c >&5
configure:3700: $? = 0
configure:3700: result: yes
configure:3700: checking for inttypes.h
configure:3700: gcc -c  -Wall -g -O2  conftest.c >&5
configure:3700: $? = 0
configure:3700: result: yes
configure:3700: checking for stdint.h
configure:3700: gcc -c  -Wall -g -O2  conftest.c >&5
configure:3700: $? = 0
configure:3700: result: yes
configure:3700: checking for unistd.h
configure:3700: gcc -c  -Wall -g -O2  conftest.c >&5
configure:3700: $? = 0
configure:3700: result: yes
configure:3712: checking whether _XOPEN_SOURCE is declared
configure:3712: gcc -c  -Wall -g -O2  conftest.c >&5
conftest.c: In function 'main':
conftest.c:59:10: error: '_XOPEN_SOURCE' undeclared (first use in this function)
   59 |   (void) _XOPEN_SOURCE;
      |          ^~~~~~~~~~~~~
conftest.c:59:10: note: each undeclared identifier is reported only once for each function it appears in
configure:3712: $? = 1
configure: failed program was:
| /* confdefs.h */
| #define PACKAGE_NAME "HTSlib"
| #define PACKAGE_TARNAME "htslib"
| #define PACKAGE_VERSION "1.18"
| #define PACKAGE_STRING "HTSlib 1.18"
| #define PACKAGE_BUGREPORT "samtools-help@lists.sourceforge.net"
| #define PACKAGE_URL "http://www.htslib.org/"
| #define STDC_HEADERS 1
| #define HAVE_SYS_TYPES_H 1
| #define HAVE_SYS_STAT_H 1
| #define HAVE_STDLIB_H 1
| #define HAVE_STRING_H 1
| #define HAVE_MEMORY_H 1
| #define HAVE_STRINGS_H 1
| #define HAVE_INTTYPES_H 1
| #define HAVE_STDINT_H 1
| #define HAVE_UNISTD_H 1
| /* end confdefs.h.  */
| #include <stdio.h>
| #ifdef HAVE_SYS_TYPES_H
| # include <sys/types.h>
| #endif
| #ifdef HAVE_SYS_STAT_H
| # include <sys/stat.h>
| #endif
| #ifdef STDC_HEADERS
| # include <stdlib.h>
| # include <stddef.h>
| #else
| # ifdef HAVE_STDLIB_H
| #  include <stdlib.h>
| # endif
| #endif
| #ifdef HAVE_STRING_H
| # if !defined STDC_HEADERS && defined HAVE_MEMORY_H
| #  include <memory.h>
| # endif
| # include <string.h>
| #endif
| #ifdef HAVE_STRINGS_H
| # include <strings.h>
| #endif
| #ifdef HAVE_INTTYPES_H
| # include <inttypes.h>
| #endif
| #ifdef HAVE_STDINT_H
| # include <stdint.h>
| #endif
| #ifdef HAVE_UNISTD_H
| # include <unistd.h>
| #endif
| int
| main ()
| {
| #ifndef _XOPEN_SOURCE
| #ifdef __cplusplus
|   (void) _XOPEN_SOURCE;
| #else
|   (void) _XOPEN_SOURCE;
| #endif
| #endif
| 
|   ;
|   return 0;
| }
configure:3712: result: no
configure:3724: checking C compiler flags needed for ssse3
configure:3751: gcc -o conftest  -Wall -g -O2   conftest.c  >&5
In file included from /usr/lib/gcc/x86_64-linux-gnu/9/include/immintrin.h:35,
                 from /usr/lib/gcc/x86_64-linux-gnu/9/include/x86intrin.h:32,
                 from conftest.c:22:
conftest.c: In function 'main':
/usr/lib/gcc/x86_64-linux-gnu/9/include/tmmintrin.h:136:1: error: inlining failed in call to always_inline '_mm_shuffle_epi8': target specific option mismatch
  136 | _mm_shuffle_epi8 (__m128i __X, __m128i __Y)
      | ^~~~~~~~~~~~~~~~
conftest.c:31:17: note: called from here
   31 |     __m128i c = _mm_shuffle_epi8(a, b);
      |                 ^~~~~~~~~~~~~~~~~~~~~~
In file included from /usr/lib/gcc/x86_64-linux-gnu/9/include/immintrin.h:35,
                 from /usr/lib/gcc/x86_64-linux-gnu/9/include/x86intrin.h:32,
                 from conftest.c:22:
/usr/lib/gcc/x86_64-linux-gnu/9/include/tmmintrin.h:136:1: error: inlining failed in call to always_inline '_mm_shuffle_epi8': target specific option mismatch
  136 | _mm_shuffle_epi8 (__m128i __X, __m128i __Y)
      | ^~~~~~~~~~~~~~~~
conftest.c:31:17: note: called from here
   31 |     __m128i c = _mm_shuffle_epi8(a, b);
      |                 ^~~~~~~~~~~~~~~~~~~~~~
configure:3751: $? = 1
configure: failed program was:
| /* confdefs.h */
| #define PACKAGE_NAME "HTSlib"
| #define PACKAGE_TARNAME "htslib"
| #define PACKAGE_VERSION "1.18"
| #define PACKAGE_STRING "HTSlib 1.18"
| #define PACKAGE_BUGREPORT "samtools-help@lists.sourceforge.net"
| #define PACKAGE_URL "http://www.htslib.org/"
| #define STDC_HEADERS 1
| #define HAVE_SYS_TYPES_H 1
| #define HAVE_SYS_STAT_H 1
| #define HAVE_STDLIB_H 1
| #define HAVE_STRING_H 1
| #define HAVE_MEMORY_H 1
| #define HAVE_STRINGS_H 1
| #define HAVE_INTTYPES_H 1
| #define HAVE_STDINT_H 1
| #define HAVE_UNISTD_H 1
| #define _XOPEN_SOURCE 600
| /* end confdefs.h.  */
| 
|     #ifdef __x86_64__
|     #include "x86intrin.h"
|     #endif
| 
| int
| main ()
| {
| 
|     #ifdef __x86_64__
|     __m128i a = _mm_set_epi32(1, 2, 3, 4), b = _mm_set_epi32(4, 3, 2, 1);
|     __m128i c = _mm_shuffle_epi8(a, b);
|     return *((char *) &c);
|     #endif
| 
|   ;
|   return 0;
| }
configure:3777: gcc -o conftest  -Wall -g -O2  -mssse3   conftest.c  >&5
configure:3777: $? = 0
configure:3789: result: -mssse3
configure:3812: checking C compiler flags needed for popcnt
configure:3838: gcc -o conftest  -Wall -g -O2   conftest.c  >&5
In file included from /usr/lib/gcc/x86_64-linux-gnu/9/include/smmintrin.h:811,
                 from /usr/lib/gcc/x86_64-linux-gnu/9/include/immintrin.h:37,
                 from /usr/lib/gcc/x86_64-linux-gnu/9/include/x86intrin.h:32,
                 from conftest.c:23:
conftest.c: In function 'main':
/usr/lib/gcc/x86_64-linux-gnu/9/include/popcntintrin.h:35:1: error: inlining failed in call to always_inline '_mm_popcnt_u32': target specific option mismatch
   35 | _mm_popcnt_u32 (unsigned int __X)
      | ^~~~~~~~~~~~~~
conftest.c:31:22: note: called from here
   31 |     unsigned int i = _mm_popcnt_u32(1);
      |                      ^~~~~~~~~~~~~~~~~
configure:3838: $? = 1
configure: failed program was:
| /* confdefs.h */
| #define PACKAGE_NAME "HTSlib"
| #define PACKAGE_TARNAME "htslib"
| #define PACKAGE_VERSION "1.18"
| #define PACKAGE_STRING "HTSlib 1.18"
| #define PACKAGE_BUGREPORT "samtools-help@lists.sourceforge.net"
| #define PACKAGE_URL "http://www.htslib.org/"
| #define STDC_HEADERS 1
| #define HAVE_SYS_TYPES_H 1
| #define HAVE_SYS_STAT_H 1
| #define HAVE_STDLIB_H 1
| #define HAVE_STRING_H 1
| #define HAVE_MEMORY_H 1
| #define HAVE_STRINGS_H 1
| #define HAVE_INTTYPES_H 1
| #define HAVE_STDINT_H 1
| #define HAVE_UNISTD_H 1
| #define _XOPEN_SOURCE 600
| #define HAVE_SSSE3 1
| /* end confdefs.h.  */
| 
|     #ifdef __x86_64__
|     #include "x86intrin.h"
|     #endif
| 
| int
| main ()
| {
| 
|     #ifdef __x86_64__
|     unsigned int i = _mm_popcnt_u32(1);
|     return i != 1;
|     #endif
| 
|   ;
|   return 0;
| }
configure:3863: gcc -o conftest  -Wall -g -O2  -mpopcnt   conftest.c  >&5
configure:3863: $? = 0
configure:3875: result: -mpopcnt
configure:3898: checking C compiler flags needed for sse4.1
configure:3925: gcc -o conftest  -Wall -g -O2   conftest.c  >&5
In file included from /usr/lib/gcc/x86_64-linux-gnu/9/include/immintrin.h:37,
                 from /usr/lib/gcc/x86_64-linux-gnu/9/include/x86intrin.h:32,
                 from conftest.c:24:
conftest.c: In function 'main':
/usr/lib/gcc/x86_64-linux-gnu/9/include/smmintrin.h:318:1: error: inlining failed in call to always_inline '_mm_max_epu32': target specific option mismatch
  318 | _mm_max_epu32 (__m128i __X, __m128i __Y)
      | ^~~~~~~~~~~~~
conftest.c:33:17: note: called from here
   33 |     __m128i c = _mm_max_epu32(a, b);
      |                 ^~~~~~~~~~~~~~~~~~~
In file included from /usr/lib/gcc/x86_64-linux-gnu/9/include/immintrin.h:37,
                 from /usr/lib/gcc/x86_64-linux-gnu/9/include/x86intrin.h:32,
                 from conftest.c:24:
/usr/lib/gcc/x86_64-linux-gnu/9/include/smmintrin.h:318:1: error: inlining failed in call to always_inline '_mm_max_epu32': target specific option mismatch
  318 | _mm_max_epu32 (__m128i __X, __m128i __Y)
      | ^~~~~~~~~~~~~
conftest.c:33:17: note: called from here
   33 |     __m128i c = _mm_max_epu32(a, b);
      |                 ^~~~~~~~~~~~~~~~~~~
configure:3925: $? = 1
configure: failed program was:
| /* confdefs.h */
| #define PACKAGE_NAME "HTSlib"
| #define PACKAGE_TARNAME "htslib"
| #define PACKAGE_VERSION "1.18"
| #define PACKAGE_STRING "HTSlib 1.18"
| #define PACKAGE_BUGREPORT "samtools-help@lists.sourceforge.net"
| #define PACKAGE_URL "http://www.htslib.org/"
| #define STDC_HEADERS 1
| #define HAVE_SYS_TYPES_H 1
| #define HAVE_SYS_STAT_H 1
| #define HAVE_STDLIB_H 1
| #define HAVE_STRING_H 1
| #define HAVE_MEMORY_H 1
| #define HAVE_STRINGS_H 1
| #define HAVE_INTTYPES_H 1
| #define HAVE_STDINT_H 1
| #define HAVE_UNISTD_H 1
| #define _XOPEN_SOURCE 600
| #define HAVE_SSSE3 1
| #define HAVE_POPCNT 1
| /* end confdefs.h.  */
| 
|     #ifdef __x86_64__
|     #include "x86intrin.h"
|     #endif
| 
| int
| main ()
| {
| 
|     #ifdef __x86_64__
|     __m128i a = _mm_set_epi32(1, 2, 3, 4), b = _mm_set_epi32(4, 3, 2, 1);
|     __m128i c = _mm_max_epu32(a, b);
|     return *((char *) &c);
|     #endif
| 
|   ;
|   return 0;
| }
configure:3951: gcc -o conftest  -Wall -g -O2  -msse4.1   conftest.c  >&5
configure:3951: $? = 0
configure:3963: result: -msse4.1
configure:3990: checking C compiler flags needed for avx2
configure:4018: gcc -o conftest  -Wall -g -O2   conftest.c  >&5
conftest.c: In function 'main':
conftest.c:34:13: warning: AVX vector return without AVX enabled changes the ABI [-Wpsabi]
   34 |     __m256i a = _mm256_set_epi32(1, 2, 3, 4, 5, 6, 7, 8);
      |             ^
In file included from /usr/lib/gcc/x86_64-linux-gnu/9/include/immintrin.h:51,
                 from /usr/lib/gcc/x86_64-linux-gnu/9/include/x86intrin.h:32,
                 from conftest.c:26:
/usr/lib/gcc/x86_64-linux-gnu/9/include/avxintrin.h:551:1: error: inlining failed in call to always_inline '_mm256_extract_epi64': target specific option mismatch
  551 | _mm256_extract_epi64 (__m256i __X, const int __N)
      | ^~~~~~~~~~~~~~~~~~~~
conftest.c:36:19: note: called from here
   36 |     long long c = _mm256_extract_epi64(b, 0);
      |                   ^~~~~~~~~~~~~~~~~~~~~~~~~~
In file included from /usr/lib/gcc/x86_64-linux-gnu/9/include/immintrin.h:53,
                 from /usr/lib/gcc/x86_64-linux-gnu/9/include/x86intrin.h:32,
                 from conftest.c:26:
/usr/lib/gcc/x86_64-linux-gnu/9/include/avx2intrin.h:119:1: error: inlining failed in call to always_inline '_mm256_add_epi32': target specific option mismatch
  119 | _mm256_add_epi32 (__m256i __A, __m256i __B)
      | ^~~~~~~~~~~~~~~~
conftest.c:35:17: note: called from here
   35 |     __m256i b = _mm256_add_epi32(a, a);
      |                 ^~~~~~~~~~~~~~~~~~~~~~
In file included from /usr/lib/gcc/x86_64-linux-gnu/9/include/immintrin.h:51,
                 from /usr/lib/gcc/x86_64-linux-gnu/9/include/x86intrin.h:32,
                 from conftest.c:26:
/usr/lib/gcc/x86_64-linux-gnu/9/include/avxintrin.h:1258:1: error: inlining failed in call to always_inline '_mm256_set_epi32': target specific option mismatch
 1258 | _mm256_set_epi32 (int __A, int __B, int __C, int __D,
      | ^~~~~~~~~~~~~~~~
conftest.c:34:17: note: called from here
   34 |     __m256i a = _mm256_set_epi32(1, 2, 3, 4, 5, 6, 7, 8);
      |                 ^~~~~~~~~~~~~~~~~~~~~~~~~~~~~~~~~~~~~~~~
configure:4018: $? = 1
configure: failed program was:
| /* confdefs.h */
| #define PACKAGE_NAME "HTSlib"
| #define PACKAGE_TARNAME "htslib"
| #define PACKAGE_VERSION "1.18"
| #define PACKAGE_STRING "HTSlib 1.18"
| #define PACKAGE_BUGREPORT "samtools-help@lists.sourceforge.net"
| #define PACKAGE_URL "http://www.htslib.org/"
| #define STDC_HEADERS 1
| #define HAVE_SYS_TYPES_H 1
| #define HAVE_SYS_STAT_H 1
| #define HAVE_STDLIB_H 1
| #define HAVE_STRING_H 1
| #define HAVE_MEMORY_H 1
| #define HAVE_STRINGS_H 1
| #define HAVE_INTTYPES_H 1
| #define HAVE_STDINT_H 1
| #define HAVE_UNISTD_H 1
| #define _XOPEN_SOURCE 600
| #define HAVE_SSSE3 1
| #define HAVE_POPCNT 1
| #define HAVE_SSE4_1 1
| #define UBSAN 1
| /* end confdefs.h.  */
| 
|     #ifdef __x86_64__
|     #include "x86intrin.h"
|     #endif
| 
| int
| main ()
| {
| 
|     #ifdef __x86_64__
|     __m256i a = _mm256_set_epi32(1, 2, 3, 4, 5, 6, 7, 8);
|     __m256i b = _mm256_add_epi32(a, a);
|     long long c = _mm256_extract_epi64(b, 0);
|     return (int) c;
|     #endif
| 
|   ;
|   return 0;
| }
configure:4045: gcc -o conftest  -Wall -g -O2  -mavx2   conftest.c  >&5
configure:4045: $? = 0
configure:4057: result: -mavx2
configure:4081: checking C compiler flags needed for avx512f
configure:4108: gcc -o conftest  -Wall -g -O2   conftest.c  >&5
conftest.c: In function 'main':
conftest.c:35:13: warning: AVX512F vector return without AVX512F enabled changes the ABI [-Wpsabi]
   35 |     __m512i a = _mm512_set1_epi32(1);
      |             ^
In file included from /usr/lib/gcc/x86_64-linux-gnu/9/include/immintrin.h:55,
                 from /usr/lib/gcc/x86_64-linux-gnu/9/include/x86intrin.h:32,
                 from conftest.c:27:
/usr/lib/gcc/x86_64-linux-gnu/9/include/avx512fintrin.h:889:1: error: inlining failed in call to always_inline '_mm512_add_epi32': target specific option mismatch
  889 | _mm512_add_epi32 (__m512i __A, __m512i __B)
      | ^~~~~~~~~~~~~~~~
conftest.c:36:17: note: called from here
   36 |     __m512i b = _mm512_add_epi32(a, a);
      |                 ^~~~~~~~~~~~~~~~~~~~~~
In file included from /usr/lib/gcc/x86_64-linux-gnu/9/include/immintrin.h:55,
                 from /usr/lib/gcc/x86_64-linux-gnu/9/include/x86intrin.h:32,
                 from conftest.c:27:
/usr/lib/gcc/x86_64-linux-gnu/9/include/avx512fintrin.h:4073:1: error: inlining failed in call to always_inline '_mm512_set1_epi32': target specific option mismatch
 4073 | _mm512_set1_epi32 (int __A)
      | ^~~~~~~~~~~~~~~~~
conftest.c:35:17: note: called from here
   35 |     __m512i a = _mm512_set1_epi32(1);
      |                 ^~~~~~~~~~~~~~~~~~~~
configure:4108: $? = 1
configure: failed program was:
| /* confdefs.h */
| #define PACKAGE_NAME "HTSlib"
| #define PACKAGE_TARNAME "htslib"
| #define PACKAGE_VERSION "1.18"
| #define PACKAGE_STRING "HTSlib 1.18"
| #define PACKAGE_BUGREPORT "samtools-help@lists.sourceforge.net"
| #define PACKAGE_URL "http://www.htslib.org/"
| #define STDC_HEADERS 1
| #define HAVE_SYS_TYPES_H 1
| #define HAVE_SYS_STAT_H 1
| #define HAVE_STDLIB_H 1
| #define HAVE_STRING_H 1
| #define HAVE_MEMORY_H 1
| #define HAVE_STRINGS_H 1
| #define HAVE_INTTYPES_H 1
| #define HAVE_STDINT_H 1
| #define HAVE_UNISTD_H 1
| #define _XOPEN_SOURCE 600
| #define HAVE_SSSE3 1
| #define HAVE_POPCNT 1
| #define HAVE_SSE4_1 1
| #define UBSAN 1
| #define HAVE_AVX2 1
| /* end confdefs.h.  */
| 
|     #ifdef __x86_64__
|     #include "x86intrin.h"
|     #endif
| 
| int
| main ()
| {
| 
|     #ifdef __x86_64__
|     __m512i a = _mm512_set1_epi32(1);
|     __m512i b = _mm512_add_epi32(a, a);
|     return *((char *) &b);
|     #endif
| 
|   ;
|   return 0;
| }
configure:4134: gcc -o conftest  -Wall -g -O2  -mavx512f   conftest.c  >&5
configure:4134: $? = 0
configure:4146: result: -mavx512f
configure:4224: checking for pkg-config
configure:4257: result: no
configure:4328: checking for special C compiler options needed for large files
configure:4373: result: no
configure:4379: checking for _FILE_OFFSET_BITS value needed for large files
configure:4404: gcc -c  -Wall -g -O2  conftest.c >&5
configure:4404: $? = 0
configure:4436: result: no
configure:4612: checking shared library type for unknown-Linux
configure:4642: result: plain .so
configure:4647: checking whether the linker supports versioned symbols
configure:4666: gcc -o conftest  -Wall -g -O2  -Wl,-version-script,./htslib.map  conftest.c  >&5
configure:4666: $? = 0
configure:4676: result: yes
configure:4693: checking whether the compiler accepts -fvisibility=hidden
configure:4713: gcc -o conftest  -Wall -g -O2 -fvisibility=hidden   -fvisibility=hidden conftest.c  >&5
configure:4713: $? = 0
configure:4726: result: yes
configure:4781: checking for stdlib.h
configure:4781: result: yes
configure:4781: checking for unistd.h
configure:4781: result: yes
configure:4781: checking for sys/param.h
configure:4781: gcc -c  -Wall -g -O2 -fvisibility=hidden  conftest.c >&5
configure:4781: $? = 0
configure:4781: result: yes
configure:4801: checking for getpagesize
configure:4801: gcc -o conftest  -Wall -g -O2 -fvisibility=hidden   -fvisibility=hidden conftest.c  >&5
configure:4801: $? = 0
configure:4801: result: yes
configure:4810: checking for working mmap
configure:4959: gcc -o conftest  -Wall -g -O2 -fvisibility=hidden   -fvisibility=hidden conftest.c  >&5
conftest.c: In function 'main':
conftest.c:135:14: warning: implicit declaration of function 'getpagesize' [-Wimplicit-function-declaration]
  135 |   pagesize = getpagesize ();
      |              ^~~~~~~~~~~
configure:4959: $? = 0
configure:4959: ./conftest
configure:4959: $? = 0
configure:4969: result: yes
configure:4981: checking for gmtime_r
configure:4981: gcc -o conftest  -Wall -g -O2 -fvisibility=hidden   -fvisibility=hidden conftest.c  >&5
configure:4981: $? = 0
configure:4981: result: yes
configure:4981: checking for fsync
configure:4981: gcc -o conftest  -Wall -g -O2 -fvisibility=hidden   -fvisibility=hidden conftest.c  >&5
configure:4981: $? = 0
configure:4981: result: yes
configure:4981: checking for drand48
configure:4981: gcc -o conftest  -Wall -g -O2 -fvisibility=hidden   -fvisibility=hidden conftest.c  >&5
configure:4981: $? = 0
configure:4981: result: yes
configure:4981: checking for srand48_deterministic
configure:4981: gcc -o conftest  -Wall -g -O2 -fvisibility=hidden   -fvisibility=hidden conftest.c  >&5
/usr/bin/ld: /tmp/ccJYfDRb.o: in function `main':
/app/htslib-1.18/conftest.c:68: undefined reference to `srand48_deterministic'
collect2: error: ld returned 1 exit status
configure:4981: $? = 1
configure: failed program was:
| /* confdefs.h */
| #define PACKAGE_NAME "HTSlib"
| #define PACKAGE_TARNAME "htslib"
| #define PACKAGE_VERSION "1.18"
| #define PACKAGE_STRING "HTSlib 1.18"
| #define PACKAGE_BUGREPORT "samtools-help@lists.sourceforge.net"
| #define PACKAGE_URL "http://www.htslib.org/"
| #define STDC_HEADERS 1
| #define HAVE_SYS_TYPES_H 1
| #define HAVE_SYS_STAT_H 1
| #define HAVE_STDLIB_H 1
| #define HAVE_STRING_H 1
| #define HAVE_MEMORY_H 1
| #define HAVE_STRINGS_H 1
| #define HAVE_INTTYPES_H 1
| #define HAVE_STDINT_H 1
| #define HAVE_UNISTD_H 1
| #define _XOPEN_SOURCE 600
| #define HAVE_SSSE3 1
| #define HAVE_POPCNT 1
| #define HAVE_SSE4_1 1
| #define UBSAN 1
| #define HAVE_AVX2 1
| #define HAVE_AVX512 1
| #define HAVE_STDLIB_H 1
| #define HAVE_UNISTD_H 1
| #define HAVE_SYS_PARAM_H 1
| #define HAVE_GETPAGESIZE 1
| #define HAVE_MMAP 1
| #define HAVE_GMTIME_R 1
| #define HAVE_FSYNC 1
| #define HAVE_DRAND48 1
| /* end confdefs.h.  */
| /* Define srand48_deterministic to an innocuous variant, in case <limits.h> declares srand48_deterministic.
|    For example, HP-UX 11i <limits.h> declares gettimeofday.  */
| #define srand48_deterministic innocuous_srand48_deterministic
| 
| /* System header to define __stub macros and hopefully few prototypes,
|     which can conflict with char srand48_deterministic (); below.
|     Prefer <limits.h> to <assert.h> if __STDC__ is defined, since
|     <limits.h> exists even on freestanding compilers.  */
| 
| #ifdef __STDC__
| # include <limits.h>
| #else
| # include <assert.h>
| #endif
| 
| #undef srand48_deterministic
| 
| /* Override any GCC internal prototype to avoid an error.
|    Use char because int might match the return type of a GCC
|    builtin and then its argument prototype would still apply.  */
| #ifdef __cplusplus
| extern "C"
| #endif
| char srand48_deterministic ();
| /* The GNU C library defines this for functions which it implements
|     to always fail with ENOSYS.  Some functions are actually named
|     something starting with __ and the normal name is an alias.  */
| #if defined __stub_srand48_deterministic || defined __stub___srand48_deterministic
| choke me
| #endif
| 
| int
| main ()
| {
| return srand48_deterministic ();
|   ;
|   return 0;
| }
configure:4981: result: no
configure:4993: checking whether fdatasync is declared
configure:4993: gcc -c  -Wall -g -O2 -fvisibility=hidden  conftest.c >&5
configure:4993: $? = 0
configure:4993: result: yes
configure:4997: checking for fdatasync
configure:4997: gcc -o conftest  -Wall -g -O2 -fvisibility=hidden   -fvisibility=hidden conftest.c  >&5
configure:4997: $? = 0
configure:4997: result: yes
configure:5132: checking for library containing log
configure:5163: gcc -o conftest  -Wall -g -O2 -fvisibility=hidden   -fvisibility=hidden conftest.c  >&5
conftest.c:42:6: warning: conflicting types for built-in function 'log'; expected 'double(double)' [-Wbuiltin-declaration-mismatch]
   42 | char log ();
      |      ^~~
conftest.c:1:1: note: 'log' is declared in header '<math.h>'
    1 | /* confdefs.h */
/usr/bin/ld: /tmp/ccungqSo.o: in function `main':
/app/htslib-1.18/conftest.c:46: undefined reference to `log'
collect2: error: ld returned 1 exit status
configure:5163: $? = 1
configure: failed program was:
| /* confdefs.h */
| #define PACKAGE_NAME "HTSlib"
| #define PACKAGE_TARNAME "htslib"
| #define PACKAGE_VERSION "1.18"
| #define PACKAGE_STRING "HTSlib 1.18"
| #define PACKAGE_BUGREPORT "samtools-help@lists.sourceforge.net"
| #define PACKAGE_URL "http://www.htslib.org/"
| #define STDC_HEADERS 1
| #define HAVE_SYS_TYPES_H 1
| #define HAVE_SYS_STAT_H 1
| #define HAVE_STDLIB_H 1
| #define HAVE_STRING_H 1
| #define HAVE_MEMORY_H 1
| #define HAVE_STRINGS_H 1
| #define HAVE_INTTYPES_H 1
| #define HAVE_STDINT_H 1
| #define HAVE_UNISTD_H 1
| #define _XOPEN_SOURCE 600
| #define HAVE_SSSE3 1
| #define HAVE_POPCNT 1
| #define HAVE_SSE4_1 1
| #define UBSAN 1
| #define HAVE_AVX2 1
| #define HAVE_AVX512 1
| #define HAVE_STDLIB_H 1
| #define HAVE_UNISTD_H 1
| #define HAVE_SYS_PARAM_H 1
| #define HAVE_GETPAGESIZE 1
| #define HAVE_MMAP 1
| #define HAVE_GMTIME_R 1
| #define HAVE_FSYNC 1
| #define HAVE_DRAND48 1
| #define HAVE_FDATASYNC 1
| /* end confdefs.h.  */
| 
| /* Override any GCC internal prototype to avoid an error.
|    Use char because int might match the return type of a GCC
|    builtin and then its argument prototype would still apply.  */
| #ifdef __cplusplus
| extern "C"
| #endif
| char log ();
| int
| main ()
| {
| return log ();
|   ;
|   return 0;
| }
configure:5163: gcc -o conftest  -Wall -g -O2 -fvisibility=hidden   -fvisibility=hidden conftest.c -lm   >&5
conftest.c:42:6: warning: conflicting types for built-in function 'log'; expected 'double(double)' [-Wbuiltin-declaration-mismatch]
   42 | char log ();
      |      ^~~
conftest.c:1:1: note: 'log' is declared in header '<math.h>'
    1 | /* confdefs.h */
configure:5163: $? = 0
configure:5180: result: -lm
configure:5200: checking for zlib.h
configure:5200: gcc -c  -Wall -g -O2 -fvisibility=hidden  conftest.c >&5
configure:5200: $? = 0
configure:5200: result: yes
configure:5209: checking for inflate in -lz
configure:5234: gcc -o conftest  -Wall -g -O2 -fvisibility=hidden   -fvisibility=hidden conftest.c -lz  -lm  >&5
configure:5234: $? = 0
configure:5243: result: yes
configure:5274: checking for library containing recv
configure:5305: gcc -o conftest  -Wall -g -O2 -fvisibility=hidden   -fvisibility=hidden conftest.c -lz -lm  >&5
configure:5305: $? = 0
configure:5322: result: none required
configure:5368: checking for bzlib.h
configure:5368: gcc -c  -Wall -g -O2 -fvisibility=hidden  conftest.c >&5
configure:5368: $? = 0
configure:5368: result: yes
configure:5377: checking for BZ2_bzBuffToBuffCompress in -lbz2
configure:5402: gcc -o conftest  -Wall -g -O2 -fvisibility=hidden   -fvisibility=hidden conftest.c -lbz2  -lz -lm  >&5
configure:5402: $? = 0
configure:5411: result: yes
configure:5455: checking for lzma.h
configure:5455: gcc -c  -Wall -g -O2 -fvisibility=hidden  conftest.c >&5
configure:5455: $? = 0
configure:5455: result: yes
configure:5468: checking for lzma_easy_buffer_encode in -llzma
configure:5493: gcc -o conftest  -Wall -g -O2 -fvisibility=hidden   -fvisibility=hidden conftest.c -llzma  -lbz2 -lz -lm  >&5
configure:5493: $? = 0
configure:5502: result: yes
configure:5615: checking whether htscodecs files are present
configure:5618: result: yes
configure:5656: checking for libdeflate.h
configure:5656: gcc -c  -Wall -g -O2 -fvisibility=hidden  conftest.c >&5
conftest.c:41:10: fatal error: libdeflate.h: No such file or directory
   41 | #include <libdeflate.h>
      |          ^~~~~~~~~~~~~~
compilation terminated.
configure:5656: $? = 1
configure: failed program was:
| /* confdefs.h */
| #define PACKAGE_NAME "HTSlib"
| #define PACKAGE_TARNAME "htslib"
| #define PACKAGE_VERSION "1.18"
| #define PACKAGE_STRING "HTSlib 1.18"
| #define PACKAGE_BUGREPORT "samtools-help@lists.sourceforge.net"
| #define PACKAGE_URL "http://www.htslib.org/"
| #define STDC_HEADERS 1
| #define HAVE_SYS_TYPES_H 1
| #define HAVE_SYS_STAT_H 1
| #define HAVE_STDLIB_H 1
| #define HAVE_STRING_H 1
| #define HAVE_MEMORY_H 1
| #define HAVE_STRINGS_H 1
| #define HAVE_INTTYPES_H 1
| #define HAVE_STDINT_H 1
| #define HAVE_UNISTD_H 1
| #define _XOPEN_SOURCE 600
| #define HAVE_SSSE3 1
| #define HAVE_POPCNT 1
| #define HAVE_SSE4_1 1
| #define UBSAN 1
| #define HAVE_AVX2 1
| #define HAVE_AVX512 1
| #define HAVE_STDLIB_H 1
| #define HAVE_UNISTD_H 1
| #define HAVE_SYS_PARAM_H 1
| #define HAVE_GETPAGESIZE 1
| #define HAVE_MMAP 1
| #define HAVE_GMTIME_R 1
| #define HAVE_FSYNC 1
| #define HAVE_DRAND48 1
| #define HAVE_FDATASYNC 1
| #define HAVE_LIBZ 1
| #define HAVE_LIBBZ2 1
| #define HAVE_LZMA_H 1
| #define HAVE_LIBLZMA 1
| /* end confdefs.h.  */
| ;
| 
| #include <libdeflate.h>
configure:5656: result: no
configure:5665: checking for libdeflate_deflate_compress in -ldeflate
configure:5690: gcc -o conftest  -Wall -g -O2 -fvisibility=hidden   -fvisibility=hidden conftest.c -ldeflate  -llzma -lbz2 -lz -lm  >&5
/usr/bin/ld: cannot find -ldeflate
collect2: error: ld returned 1 exit status
configure:5690: $? = 1
configure: failed program was:
| /* confdefs.h */
| #define PACKAGE_NAME "HTSlib"
| #define PACKAGE_TARNAME "htslib"
| #define PACKAGE_VERSION "1.18"
| #define PACKAGE_STRING "HTSlib 1.18"
| #define PACKAGE_BUGREPORT "samtools-help@lists.sourceforge.net"
| #define PACKAGE_URL "http://www.htslib.org/"
| #define STDC_HEADERS 1
| #define HAVE_SYS_TYPES_H 1
| #define HAVE_SYS_STAT_H 1
| #define HAVE_STDLIB_H 1
| #define HAVE_STRING_H 1
| #define HAVE_MEMORY_H 1
| #define HAVE_STRINGS_H 1
| #define HAVE_INTTYPES_H 1
| #define HAVE_STDINT_H 1
| #define HAVE_UNISTD_H 1
| #define _XOPEN_SOURCE 600
| #define HAVE_SSSE3 1
| #define HAVE_POPCNT 1
| #define HAVE_SSE4_1 1
| #define UBSAN 1
| #define HAVE_AVX2 1
| #define HAVE_AVX512 1
| #define HAVE_STDLIB_H 1
| #define HAVE_UNISTD_H 1
| #define HAVE_SYS_PARAM_H 1
| #define HAVE_GETPAGESIZE 1
| #define HAVE_MMAP 1
| #define HAVE_GMTIME_R 1
| #define HAVE_FSYNC 1
| #define HAVE_DRAND48 1
| #define HAVE_FDATASYNC 1
| #define HAVE_LIBZ 1
| #define HAVE_LIBBZ2 1
| #define HAVE_LZMA_H 1
| #define HAVE_LIBLZMA 1
| /* end confdefs.h.  */
| 
| /* Override any GCC internal prototype to avoid an error.
|    Use char because int might match the return type of a GCC
|    builtin and then its argument prototype would still apply.  */
| #ifdef __cplusplus
| extern "C"
| #endif
| char libdeflate_deflate_compress ();
| int
| main ()
| {
| return libdeflate_deflate_compress ();
|   ;
|   return 0;
| }
configure:5699: result: no
configure:5738: checking for curl/curl.h
configure:5738: gcc -c  -Wall -g -O2 -fvisibility=hidden  conftest.c >&5
configure:5738: $? = 0
configure:5738: result: yes
configure:5747: checking for curl_easy_pause in -lcurl
configure:5772: gcc -o conftest  -Wall -g -O2 -fvisibility=hidden   -fvisibility=hidden conftest.c -lcurl  -llzma -lbz2 -lz -lm  >&5
configure:5772: $? = 0
configure:5781: result: yes
configure:5916: checking for CCHmac
configure:5916: gcc -o conftest  -Wall -g -O2 -fvisibility=hidden   -fvisibility=hidden conftest.c -llzma -lbz2 -lz -lm  >&5
/usr/bin/ld: /tmp/cc1HzTkv.o: in function `main':
/app/htslib-1.18/conftest.c:75: undefined reference to `CCHmac'
collect2: error: ld returned 1 exit status
configure:5916: $? = 1
configure: failed program was:
| /* confdefs.h */
| #define PACKAGE_NAME "HTSlib"
| #define PACKAGE_TARNAME "htslib"
| #define PACKAGE_VERSION "1.18"
| #define PACKAGE_STRING "HTSlib 1.18"
| #define PACKAGE_BUGREPORT "samtools-help@lists.sourceforge.net"
| #define PACKAGE_URL "http://www.htslib.org/"
| #define STDC_HEADERS 1
| #define HAVE_SYS_TYPES_H 1
| #define HAVE_SYS_STAT_H 1
| #define HAVE_STDLIB_H 1
| #define HAVE_STRING_H 1
| #define HAVE_MEMORY_H 1
| #define HAVE_STRINGS_H 1
| #define HAVE_INTTYPES_H 1
| #define HAVE_STDINT_H 1
| #define HAVE_UNISTD_H 1
| #define _XOPEN_SOURCE 600
| #define HAVE_SSSE3 1
| #define HAVE_POPCNT 1
| #define HAVE_SSE4_1 1
| #define UBSAN 1
| #define HAVE_AVX2 1
| #define HAVE_AVX512 1
| #define HAVE_STDLIB_H 1
| #define HAVE_UNISTD_H 1
| #define HAVE_SYS_PARAM_H 1
| #define HAVE_GETPAGESIZE 1
| #define HAVE_MMAP 1
| #define HAVE_GMTIME_R 1
| #define HAVE_FSYNC 1
| #define HAVE_DRAND48 1
| #define HAVE_FDATASYNC 1
| #define HAVE_LIBZ 1
| #define HAVE_LIBBZ2 1
| #define HAVE_LZMA_H 1
| #define HAVE_LIBLZMA 1
| #define HAVE_LIBCURL 1
| #define ENABLE_GCS 1
| /* end confdefs.h.  */
| /* Define CCHmac to an innocuous variant, in case <limits.h> declares CCHmac.
|    For example, HP-UX 11i <limits.h> declares gettimeofday.  */
| #define CCHmac innocuous_CCHmac
| 
| /* System header to define __stub macros and hopefully few prototypes,
|     which can conflict with char CCHmac (); below.
|     Prefer <limits.h> to <assert.h> if __STDC__ is defined, since
|     <limits.h> exists even on freestanding compilers.  */
| 
| #ifdef __STDC__
| # include <limits.h>
| #else
| # include <assert.h>
| #endif
| 
| #undef CCHmac
| 
| /* Override any GCC internal prototype to avoid an error.
|    Use char because int might match the return type of a GCC
|    builtin and then its argument prototype would still apply.  */
| #ifdef __cplusplus
| extern "C"
| #endif
| char CCHmac ();
| /* The GNU C library defines this for functions which it implements
|     to always fail with ENOSYS.  Some functions are actually named
|     something starting with __ and the normal name is an alias.  */
| #if defined __stub_CCHmac || defined __stub___CCHmac
| choke me
| #endif
| 
| int
| main ()
| {
| return CCHmac ();
|   ;
|   return 0;
| }
configure:5916: result: no
configure:5923: checking for library containing HMAC
configure:5954: gcc -o conftest  -Wall -g -O2 -fvisibility=hidden   -fvisibility=hidden conftest.c -llzma -lbz2 -lz -lm  >&5
/usr/bin/ld: /tmp/ccKPdvjz.o: in function `main':
/app/htslib-1.18/conftest.c:52: undefined reference to `HMAC'
collect2: error: ld returned 1 exit status
configure:5954: $? = 1
configure: failed program was:
| /* confdefs.h */
| #define PACKAGE_NAME "HTSlib"
| #define PACKAGE_TARNAME "htslib"
| #define PACKAGE_VERSION "1.18"
| #define PACKAGE_STRING "HTSlib 1.18"
| #define PACKAGE_BUGREPORT "samtools-help@lists.sourceforge.net"
| #define PACKAGE_URL "http://www.htslib.org/"
| #define STDC_HEADERS 1
| #define HAVE_SYS_TYPES_H 1
| #define HAVE_SYS_STAT_H 1
| #define HAVE_STDLIB_H 1
| #define HAVE_STRING_H 1
| #define HAVE_MEMORY_H 1
| #define HAVE_STRINGS_H 1
| #define HAVE_INTTYPES_H 1
| #define HAVE_STDINT_H 1
| #define HAVE_UNISTD_H 1
| #define _XOPEN_SOURCE 600
| #define HAVE_SSSE3 1
| #define HAVE_POPCNT 1
| #define HAVE_SSE4_1 1
| #define UBSAN 1
| #define HAVE_AVX2 1
| #define HAVE_AVX512 1
| #define HAVE_STDLIB_H 1
| #define HAVE_UNISTD_H 1
| #define HAVE_SYS_PARAM_H 1
| #define HAVE_GETPAGESIZE 1
| #define HAVE_MMAP 1
| #define HAVE_GMTIME_R 1
| #define HAVE_FSYNC 1
| #define HAVE_DRAND48 1
| #define HAVE_FDATASYNC 1
| #define HAVE_LIBZ 1
| #define HAVE_LIBBZ2 1
| #define HAVE_LZMA_H 1
| #define HAVE_LIBLZMA 1
| #define HAVE_LIBCURL 1
| #define ENABLE_GCS 1
| /* end confdefs.h.  */
| 
| /* Override any GCC internal prototype to avoid an error.
|    Use char because int might match the return type of a GCC
|    builtin and then its argument prototype would still apply.  */
| #ifdef __cplusplus
| extern "C"
| #endif
| char HMAC ();
| int
| main ()
| {
| return HMAC ();
|   ;
|   return 0;
| }
configure:5954: gcc -o conftest  -Wall -g -O2 -fvisibility=hidden   -fvisibility=hidden conftest.c -lcrypto  -llzma -lbz2 -lz -lm  >&5
/usr/bin/ld: cannot find -lcrypto
collect2: error: ld returned 1 exit status
configure:5954: $? = 1
configure: failed program was:
| /* confdefs.h */
| #define PACKAGE_NAME "HTSlib"
| #define PACKAGE_TARNAME "htslib"
| #define PACKAGE_VERSION "1.18"
| #define PACKAGE_STRING "HTSlib 1.18"
| #define PACKAGE_BUGREPORT "samtools-help@lists.sourceforge.net"
| #define PACKAGE_URL "http://www.htslib.org/"
| #define STDC_HEADERS 1
| #define HAVE_SYS_TYPES_H 1
| #define HAVE_SYS_STAT_H 1
| #define HAVE_STDLIB_H 1
| #define HAVE_STRING_H 1
| #define HAVE_MEMORY_H 1
| #define HAVE_STRINGS_H 1
| #define HAVE_INTTYPES_H 1
| #define HAVE_STDINT_H 1
| #define HAVE_UNISTD_H 1
| #define _XOPEN_SOURCE 600
| #define HAVE_SSSE3 1
| #define HAVE_POPCNT 1
| #define HAVE_SSE4_1 1
| #define UBSAN 1
| #define HAVE_AVX2 1
| #define HAVE_AVX512 1
| #define HAVE_STDLIB_H 1
| #define HAVE_UNISTD_H 1
| #define HAVE_SYS_PARAM_H 1
| #define HAVE_GETPAGESIZE 1
| #define HAVE_MMAP 1
| #define HAVE_GMTIME_R 1
| #define HAVE_FSYNC 1
| #define HAVE_DRAND48 1
| #define HAVE_FDATASYNC 1
| #define HAVE_LIBZ 1
| #define HAVE_LIBBZ2 1
| #define HAVE_LZMA_H 1
| #define HAVE_LIBLZMA 1
| #define HAVE_LIBCURL 1
| #define ENABLE_GCS 1
| /* end confdefs.h.  */
| 
| /* Override any GCC internal prototype to avoid an error.
|    Use char because int might match the return type of a GCC
|    builtin and then its argument prototype would still apply.  */
| #ifdef __cplusplus
| extern "C"
| #endif
| char HMAC ();
| int
| main ()
| {
| return HMAC ();
|   ;
|   return 0;
| }
configure:5971: result: no
configure:5984: WARNING: S3 support not enabled: requires SSL development files
configure:6013: checking for library containing regcomp
configure:6044: gcc -o conftest  -Wall -g -O2 -fvisibility=hidden   -fvisibility=hidden conftest.c -llzma -lbz2 -lz -lm  >&5
configure:6044: $? = 0
configure:6061: result: none required
configure:6218: creating ./config.status

## ---------------------- ##
## Running config.status. ##
## ---------------------- ##

This file was extended by HTSlib config.status 1.18, which was
generated by GNU Autoconf 2.69.  Invocation command line was

  CONFIG_FILES    = 
  CONFIG_HEADERS  = 
  CONFIG_LINKS    = 
  CONFIG_COMMANDS = 
  $ ./config.status 

on 4683ea28ceec

config.status:856: creating config.mk
config.status:856: creating htslib.pc.tmp
config.status:856: creating config.h
config.status:1052: linking htscodecs_bundled.mk to htscodecs.mk

## ---------------- ##
## Cache variables. ##
## ---------------- ##

ac_cv_c_compiler_gnu=yes
ac_cv_env_CC_set=
ac_cv_env_CC_value=
ac_cv_env_CFLAGS_set=
ac_cv_env_CFLAGS_value=
ac_cv_env_CPPFLAGS_set=
ac_cv_env_CPPFLAGS_value=
ac_cv_env_CPP_set=
ac_cv_env_CPP_value=
ac_cv_env_LDFLAGS_set=
ac_cv_env_LDFLAGS_value=
ac_cv_env_LIBS_set=
ac_cv_env_LIBS_value=
ac_cv_env_PKG_CONFIG_LIBDIR_set=
ac_cv_env_PKG_CONFIG_LIBDIR_value=
ac_cv_env_PKG_CONFIG_PATH_set=
ac_cv_env_PKG_CONFIG_PATH_value=
ac_cv_env_PKG_CONFIG_set=
ac_cv_env_PKG_CONFIG_value=
ac_cv_env_build_alias_set=
ac_cv_env_build_alias_value=
ac_cv_env_host_alias_set=
ac_cv_env_host_alias_value=
ac_cv_env_target_alias_set=
ac_cv_env_target_alias_value=
ac_cv_func_CCHmac=no
ac_cv_func_drand48=yes
ac_cv_func_fdatasync=yes
ac_cv_func_fsync=yes
ac_cv_func_getpagesize=yes
ac_cv_func_gmtime_r=yes
ac_cv_func_mmap_fixed_mapped=yes
ac_cv_func_srand48_deterministic=no
ac_cv_have_decl__XOPEN_SOURCE=no
ac_cv_have_decl_fdatasync_int_=yes
ac_cv_header_bzlib_h=yes
ac_cv_header_curl_curl_h=yes
ac_cv_header_inttypes_h=yes
ac_cv_header_libdeflate_h=no
ac_cv_header_lzma_h=yes
ac_cv_header_memory_h=yes
ac_cv_header_stdc=yes
ac_cv_header_stdint_h=yes
ac_cv_header_stdlib_h=yes
ac_cv_header_string_h=yes
ac_cv_header_strings_h=yes
ac_cv_header_sys_param_h=yes
ac_cv_header_sys_stat_h=yes
ac_cv_header_sys_types_h=yes
ac_cv_header_unistd_h=yes
ac_cv_header_zlib_h=yes
ac_cv_lib_bz2_BZ2_bzBuffToBuffCompress=yes
ac_cv_lib_curl_curl_easy_pause=yes
ac_cv_lib_deflate_libdeflate_deflate_compress=no
ac_cv_lib_lzma_lzma_easy_buffer_encode=yes
ac_cv_lib_z_inflate=yes
ac_cv_objext=o
ac_cv_path_EGREP='/usr/bin/grep -E'
ac_cv_path_GREP=/usr/bin/grep
ac_cv_prog_CPP='gcc -E'
ac_cv_prog_ac_ct_CC=gcc
ac_cv_prog_ac_ct_RANLIB=ranlib
ac_cv_prog_cc_c89=
ac_cv_prog_cc_g=yes
ac_cv_search_HMAC=no
ac_cv_search_log=-lm
ac_cv_search_recv='none required'
ac_cv_search_regcomp='none required'
ac_cv_sys_file_offset_bits=no
ac_cv_sys_largefile_CC=no
hts_cv_check__fvisibility_hidden=yes
hts_cv_check_cflags_needed_avx2___mavx2=-mavx2
hts_cv_check_cflags_needed_avx512f___mavx512f=-mavx512f
hts_cv_check_cflags_needed_popcnt___mpopcnt=-mpopcnt
hts_cv_check_cflags_needed_sse4_1___msse4_1=-msse4.1
hts_cv_check_cflags_needed_ssse3___mssse3=-mssse3
hts_cv_have_versioned_symbols=yes
hts_cv_prog_cc_warnings=-Wall

## ----------------- ##
## Output variables. ##
## ----------------- ##

CC='gcc'
CFLAGS=' -Wall -g -O2 -fvisibility=hidden'
CPP='gcc -E'
CPPFLAGS=''
CRYPTO_LIBS=''
DEFS='-DHAVE_CONFIG_H'
ECHO_C=''
ECHO_N='-n'
ECHO_T=''
EGREP='/usr/bin/grep -E'
EXEEXT=''
GREP='/usr/bin/grep'
HTSDIRslash_if_relsrcdir='$(HTSDIR)/'
LDFLAGS=' -fvisibility=hidden'
LIBOBJS=''
LIBS='-llzma -lbz2 -lz -lm '
LTLIBOBJS=''
OBJEXT='o'
PACKAGE_BUGREPORT='samtools-help@lists.sourceforge.net'
PACKAGE_NAME='HTSlib'
PACKAGE_STRING='HTSlib 1.18'
PACKAGE_TARNAME='htslib'
PACKAGE_URL='http://www.htslib.org/'
PACKAGE_VERSION='1.18'
PATH_SEPARATOR=':'
PKG_CONFIG=''
PKG_CONFIG_LIBDIR=''
PKG_CONFIG_PATH=''
PLATFORM='default'
PLUGIN_EXT='.so'
RANLIB='ranlib'
SHELL='/bin/bash'
VERSION_SCRIPT_LDFLAGS='-Wl,-version-script,$(srcprefix)htslib.map'
ac_ct_CC='gcc'
bindir='${exec_prefix}/bin'
build_alias=''
datadir='${datarootdir}'
datarootdir='${prefix}/share'
docdir='${datarootdir}/doc/${PACKAGE_TARNAME}'
dvidir='${docdir}'
enable_plugins='no'
exec_prefix='${prefix}'
gcs='enabled'
host_alias=''
htmldir='${docdir}'
hts_cflags_avx2='-mavx2'
hts_cflags_avx512='-mavx512f'
hts_cflags_sse4='-msse4.1 -mpopcnt -mssse3 '
includedir='${prefix}/include'
infodir='${datarootdir}/info'
libcurl='enabled'
libdir='${exec_prefix}/lib'
libexecdir='${exec_prefix}/libexec'
localedir='${datarootdir}/locale'
localstatedir='${prefix}/var'
mandir='${datarootdir}/man'
oldincludedir='/usr/include'
pc_requires=' liblzma'
pdfdir='${docdir}'
plugindir='$(libexecdir)/htslib'
pluginpath='$(libexecdir)/htslib'
prefix='/usr/local'
private_LIBS=' -lbz2'
program_transform_name='s,x,x,'
psdir='${docdir}'
runstatedir='${localstatedir}/run'
s3='disabled'
sbindir='${exec_prefix}/sbin'
sharedstatedir='${prefix}/com'
static_LDFLAGS=''
static_LIBS='-lpthread -lz -lm -lbz2 -llzma -lcurl '
sysconfdir='${prefix}/etc'
target_alias=''
with_external_htscodecs='no'

## ----------- ##
## confdefs.h. ##
## ----------- ##

/* confdefs.h */
#define PACKAGE_NAME "HTSlib"
#define PACKAGE_TARNAME "htslib"
#define PACKAGE_VERSION "1.18"
#define PACKAGE_STRING "HTSlib 1.18"
#define PACKAGE_BUGREPORT "samtools-help@lists.sourceforge.net"
#define PACKAGE_URL "http://www.htslib.org/"
#define STDC_HEADERS 1
#define HAVE_SYS_TYPES_H 1
#define HAVE_SYS_STAT_H 1
#define HAVE_STDLIB_H 1
#define HAVE_STRING_H 1
#define HAVE_MEMORY_H 1
#define HAVE_STRINGS_H 1
#define HAVE_INTTYPES_H 1
#define HAVE_STDINT_H 1
#define HAVE_UNISTD_H 1
#define _XOPEN_SOURCE 600
#define HAVE_SSSE3 1
#define HAVE_POPCNT 1
#define HAVE_SSE4_1 1
#define UBSAN 1
#define HAVE_AVX2 1
#define HAVE_AVX512 1
#define HAVE_STDLIB_H 1
#define HAVE_UNISTD_H 1
#define HAVE_SYS_PARAM_H 1
#define HAVE_GETPAGESIZE 1
#define HAVE_MMAP 1
#define HAVE_GMTIME_R 1
#define HAVE_FSYNC 1
#define HAVE_DRAND48 1
#define HAVE_FDATASYNC 1
#define HAVE_LIBZ 1
#define HAVE_LIBBZ2 1
#define HAVE_LZMA_H 1
#define HAVE_LIBLZMA 1
#define HAVE_LIBCURL 1
#define ENABLE_GCS 1

configure: exit 0
